Natac server running on port 3000
Player connected: 4HO1tXTwwKq-XuGxAAAB
Player connected: K67rTQZx3Mmx4yzuAAAD
Player disconnected: K67rTQZx3Mmx4yzuAAAD
Player connected: m8CMXsHhgjk0MyDcAAAF
Player disconnected: m8CMXsHhgjk0MyDcAAAF
Player connected: 3O0fJxDqWNP39I7ZAAAH
Player disconnected: 3O0fJxDqWNP39I7ZAAAH
Player connected: Sc0aWlw79dmlsemVAAAJ
Player disconnected: Sc0aWlw79dmlsemVAAAJ
Player connected: b-0WynPSJXfNj0m5AAAL
Player disconnected: b-0WynPSJXfNj0m5AAAL
Player connected: TS3a_t5TGnQAEU2kAAAN
Player disconnected: TS3a_t5TGnQAEU2kAAAN
Player connected: eyQQujwAZm65AWZIAAAP
Player disconnected: eyQQujwAZm65AWZIAAAP
Player connected: uB3oFrQePWi-w5O3AAAR
Player disconnected: uB3oFrQePWi-w5O3AAAR
Player connected: -CoUTUyumbzQ97y7AAAT
Player disconnected: -CoUTUyumbzQ97y7AAAT
Player connected: xluOaOGBWme-EWHlAAAV
Player disconnected: xluOaOGBWme-EWHlAAAV
Player connected: zpFfeWVOsTB_Awk8AAAX
Player disconnected: 4HO1tXTwwKq-XuGxAAAB
